<?xml version="1.0" encoding="UTF-8"?>
<!-- Generated by org.testng.reporters.JUnitXMLReporter -->
<testsuite ignored="1" hostname="LAPTOP-CHRKA5IG" failures="0" tests="1" name="Default test" time="70.952" errors="0" timestamp="2024-08-06T16:32:35 IST">
  <testcase classname="org.tactics.tests.ProductSearchTest" name="loginAccount" time="45.093"/>
  <testcase classname="org.tactics.tests.ProductSearchTest" name="searchProduct" time="0.0">
    <ignored/>
  </testcase> <!-- searchProduct -->
</testsuite> <!-- Default test -->
