<?xml version="1.0" encoding="UTF-8"?>
<testng-results ignored="0" total="1" passed="1" failed="0" skipped="0">
  <reporter-output>
  </reporter-output>
  <suite started-at="2024-08-06T15:30:35 IST" name="Default suite" finished-at="2024-08-06T15:32:08 IST" duration-ms="93453">
    <groups>
    </groups>
    <test started-at="2024-08-06T15:30:35 IST" name="Default test" finished-at="2024-08-06T15:32:08 IST" duration-ms="93453">
      <class name="org.tactics.tests.ProductSearchTest">
        <test-method is-config="true" signature="setUp()[pri:0, instance:org.tactics.tests.ProductSearchTest@5e600dd5]" started-at="2024-08-06T15:30:35 IST" name="setUp" finished-at="2024-08-06T15:31:00 IST" duration-ms="24814" status="PASS">
          <reporter-output>
          </reporter-output>
        </test-method> <!-- setUp -->
        <test-method signature="searchProduct()[pri:0, instance:org.tactics.tests.ProductSearchTest@5e600dd5]" started-at="2024-08-06T15:31:00 IST" name="searchProduct" finished-at="2024-08-06T15:32:08 IST" duration-ms="68287" status="PASS">
          <reporter-output>
          </reporter-output>
        </test-method> <!-- searchProduct -->
        <test-method is-config="true" signature="tearDown()[pri:0, instance:org.tactics.tests.ProductSearchTest@5e600dd5]" started-at="2024-08-06T15:32:08 IST" name="tearDown" finished-at="2024-08-06T15:32:08 IST" duration-ms="291" status="PASS">
          <reporter-output>
          </reporter-output>
        </test-method> <!-- tearDown -->
      </class> <!-- org.tactics.tests.ProductSearchTest -->
    </test> <!-- Default test -->
  </suite> <!-- Default suite -->
</testng-results>
