<?xml version="1.0" encoding="UTF-8"?>
<testng-results ignored="0" total="1" passed="1" failed="0" skipped="0">
  <reporter-output>
  </reporter-output>
  <suite started-at="2024-08-06T16:31:24 IST" name="Default suite" finished-at="2024-08-06T16:32:35 IST" duration-ms="70952">
    <groups>
    </groups>
    <test started-at="2024-08-06T16:31:24 IST" name="Default test" finished-at="2024-08-06T16:32:35 IST" duration-ms="70952">
      <class name="org.tactics.tests.ProductSearchTest">
        <test-method is-config="true" signature="setUp()[pri:0, instance:org.tactics.tests.ProductSearchTest@576d5deb]" started-at="2024-08-06T16:31:24 IST" name="setUp" finished-at="2024-08-06T16:31:50 IST" duration-ms="25493" status="PASS">
          <reporter-output>
          </reporter-output>
        </test-method> <!-- setUp -->
        <test-method signature="loginAccount()[pri:0, instance:org.tactics.tests.ProductSearchTest@576d5deb]" started-at="2024-08-06T16:31:50 IST" name="loginAccount" finished-at="2024-08-06T16:32:35 IST" duration-ms="45093" status="PASS">
          <reporter-output>
          </reporter-output>
        </test-method> <!-- loginAccount -->
        <test-method is-config="true" signature="tearDown()[pri:0, instance:org.tactics.tests.ProductSearchTest@576d5deb]" started-at="2024-08-06T16:32:35 IST" name="tearDown" finished-at="2024-08-06T16:32:35 IST" duration-ms="323" status="PASS">
          <reporter-output>
          </reporter-output>
        </test-method> <!-- tearDown -->
      </class> <!-- org.tactics.tests.ProductSearchTest -->
    </test> <!-- Default test -->
  </suite> <!-- Default suite -->
</testng-results>
